TN:
SF:src\apis\auth.api.ts
FN:24,(anonymous_0)
FNF:1
FNH:1
FNDA:1,(anonymous_0)
DA:24,1
DA:27,1
DA:32,1
LF:3
LH:3
BRF:0
BRH:0
end_of_record
TN:
SF:src\apis\authInterceptor.ts
FN:3,(anonymous_0)
FNF:1
FNH:1
FNDA:2,(anonymous_0)
DA:3,1
DA:6,2
DA:8,2
DA:9,1
DA:12,2
LF:5
LH:5
BRDA:8,0,0,1
BRDA:8,0,1,1
BRF:2
BRH:2
end_of_record
TN:
SF:src\apis\token.api.ts
FN:7,(anonymous_0)
FNF:1
FNH:1
FNDA:1,(anonymous_0)
DA:7,1
DA:8,1
DA:11,1
LF:3
LH:3
BRF:0
BRH:0
end_of_record
TN:
SF:src\apis\userProfile.ts
FN:8,(anonymous_0)
FNF:1
FNH:1
FNDA:1,(anonymous_0)
DA:8,1
DA:9,1
DA:10,1
LF:3
LH:3
BRF:0
BRH:0
end_of_record
TN:
SF:src\apis\users.api.ts
FN:15,(anonymous_0)
FNF:1
FNH:1
FNDA:1,(anonymous_0)
DA:15,1
DA:18,1
LF:2
LH:2
BRF:0
BRH:0
end_of_record
TN:
SF:src\components\atoms\Button\Button.css
FNF:0
FNH:0
LF:0
LH:0
BRF:0
BRH:0
end_of_record
TN:
SF:src\components\atoms\Button\Button.mock.ts
FNF:0
FNH:0
DA:1,1
LF:1
LH:1
BRF:0
BRH:0
end_of_record
TN:
SF:src\components\atoms\Button\Button.tsx
FN:8,(anonymous_0)
FNF:1
FNH:1
FNDA:32,(anonymous_0)
DA:8,3
DA:9,32
LF:2
LH:2
BRDA:8,0,0,32
BRDA:12,1,0,32
BRDA:12,1,1,28
BRDA:15,2,0,6
BRDA:15,2,1,26
BRF:5
BRH:5
end_of_record
TN:
SF:src\components\atoms\FeedbackMessage\FeedbackMessage.css
FNF:0
FNH:0
LF:0
LH:0
BRF:0
BRH:0
end_of_record
TN:
SF:src\components\atoms\FeedbackMessage\FeedbackMessage.mock.ts
FNF:0
FNH:0
DA:1,1
LF:1
LH:1
BRF:0
BRH:0
end_of_record
TN:
SF:src\components\atoms\FeedbackMessage\FeedbackMessage.tsx
FN:8,(anonymous_0)
FNF:1
FNH:1
FNDA:77,(anonymous_0)
DA:8,4
DA:10,77
DA:12,9
LF:3
LH:3
BRDA:8,0,0,77
BRDA:10,1,0,68
BRDA:10,1,1,9
BRF:3
BRH:3
end_of_record
TN:
SF:src\components\atoms\Input\Input.css
FNF:0
FNH:0
LF:0
LH:0
BRF:0
BRH:0
end_of_record
TN:
SF:src\components\atoms\Input\Input.mock.ts
FNF:0
FNH:0
DA:1,1
LF:1
LH:1
BRF:0
BRH:0
end_of_record
TN:
SF:src\components\atoms\Input\Input.tsx
FN:7,(anonymous_0)
FNF:1
FNH:1
FNDA:77,(anonymous_0)
DA:7,4
DA:8,77
LF:2
LH:2
BRDA:7,0,0,77
BRDA:10,1,0,9
BRDA:10,1,1,68
BRF:3
BRH:3
end_of_record
TN:
SF:src\components\atoms\Label\Label.css
FNF:0
FNH:0
LF:0
LH:0
BRF:0
BRH:0
end_of_record
TN:
SF:src\components\atoms\Label\Label.mock.ts
FNF:0
FNH:0
DA:1,1
LF:1
LH:1
BRF:0
BRH:0
end_of_record
TN:
SF:src\components\atoms\Label\Label.tsx
FN:8,(anonymous_0)
FNF:1
FNH:1
FNDA:76,(anonymous_0)
DA:8,4
DA:9,76
LF:2
LH:2
BRF:0
BRH:0
end_of_record
TN:
SF:src\components\molecules\InputGroup\InputGroup.css
FNF:0
FNH:0
LF:0
LH:0
BRF:0
BRH:0
end_of_record
TN:
SF:src\components\molecules\InputGroup\InputGroup.mock.ts
FNF:0
FNH:0
DA:3,1
LF:1
LH:1
BRF:0
BRH:0
end_of_record
TN:
SF:src\components\molecules\InputGroup\InputGroup.tsx
FN:15,(anonymous_0)
FN:20,(anonymous_1)
FN:25,(anonymous_2)
FNF:3
FNH:3
FNDA:74,(anonymous_0)
FNDA:2,(anonymous_1)
FNDA:67,(anonymous_2)
DA:15,3
DA:16,74
DA:17,74
DA:18,74
DA:20,74
DA:21,2
DA:25,74
DA:26,67
DA:27,15
DA:34,52
DA:35,26
DA:43,26
DA:44,26
DA:51,0
DA:53,74
DA:58,74
LF:16
LH:15
BRDA:18,0,0,29
BRDA:18,0,1,45
BRDA:18,1,0,1
BRDA:18,1,1,28
BRDA:26,2,0,15
BRDA:26,2,1,52
BRDA:34,3,0,26
BRDA:34,3,1,26
BRDA:43,4,0,26
BRDA:43,4,1,0
BRDA:54,5,0,67
BRDA:54,5,1,7
BRDA:55,6,0,29
BRDA:55,6,1,45
BRDA:65,7,0,74
BRDA:65,7,1,67
BRDA:80,8,0,74
BRDA:80,8,1,29
BRDA:85,9,0,1
BRDA:85,9,1,28
BRDA:87,10,0,1
BRDA:87,10,1,28
BRF:22
BRH:21
end_of_record
TN:
SF:src\components\pages\HomePage.tsx
FN:6,(anonymous_0)
FN:9,(anonymous_1)
FN:10,(anonymous_2)
FNF:3
FNH:3
FNDA:3,(anonymous_0)
FNDA:2,(anonymous_1)
FNDA:2,(anonymous_2)
DA:6,1
DA:7,3
DA:9,3
DA:10,2
DA:11,2
DA:12,2
DA:13,2
DA:15,0
DA:19,2
DA:22,3
LF:10
LH:9
BRDA:24,0,0,3
BRDA:24,0,1,2
BRF:2
BRH:2
end_of_record
TN:
SF:src\components\pages\LoginPage.tsx
FN:14,(anonymous_0)
FN:25,(anonymous_1)
FN:66,(anonymous_2)
FN:79,(anonymous_3)
FNF:4
FNH:4
FNDA:11,(anonymous_0)
FNDA:2,(anonymous_1)
FNDA:2,(anonymous_2)
FNDA:2,(anonymous_3)
DA:14,1
DA:16,11
DA:17,11
DA:20,11
DA:21,11
DA:23,11
DA:25,11
DA:26,2
DA:29,2
DA:30,2
DA:32,2
DA:33,2
DA:36,1
DA:37,1
DA:38,1
DA:39,1
DA:42,1
DA:44,1
DA:47,2
DA:51,11
DA:66,2
DA:79,2
LF:22
LH:22
BRF:0
BRH:0
end_of_record
TN:
SF:src\components\pages\RegisterPage.tsx
FN:12,(anonymous_0)
FN:25,(anonymous_1)
FN:68,(anonymous_2)
FN:81,(anonymous_3)
FN:93,(anonymous_4)
FNF:5
FNH:5
FNDA:15,(anonymous_0)
FNDA:3,(anonymous_1)
FNDA:2,(anonymous_2)
FNDA:2,(anonymous_3)
FNDA:2,(anonymous_4)
DA:12,1
DA:14,15
DA:15,15
DA:16,15
DA:19,15
DA:20,15
DA:21,15
DA:23,15
DA:25,15
DA:26,3
DA:27,3
DA:28,3
DA:32,3
DA:34,2
DA:35,2
DA:36,2
DA:39,1
DA:40,1
DA:42,1
DA:43,1
DA:45,2
DA:49,15
DA:68,2
DA:81,2
DA:93,2
LF:25
LH:25
BRDA:32,0,0,1
BRDA:32,0,1,2
BRDA:32,1,0,3
BRDA:32,1,1,2
BRDA:32,1,2,2
BRDA:70,2,0,1
BRDA:70,2,1,14
BRDA:70,3,0,15
BRDA:70,3,1,5
BRDA:82,4,0,1
BRDA:82,4,1,14
BRDA:82,5,0,15
BRDA:82,5,1,5
BRDA:94,6,0,1
BRDA:94,6,1,14
BRDA:94,7,0,15
BRDA:94,7,1,5
BRDA:99,8,0,15
BRDA:99,8,1,1
BRF:19
BRH:19
end_of_record
TN:
SF:src\components\templates\AuthTemplate\AuthTemplate.css
FNF:0
FNH:0
LF:0
LH:0
BRF:0
BRH:0
end_of_record
TN:
SF:src\components\templates\AuthTemplate\AuthTemplate.mock.ts
FNF:0
FNH:0
DA:1,2
LF:1
LH:1
BRF:0
BRH:0
end_of_record
TN:
SF:src\components\templates\AuthTemplate\AuthTemplate.tsx
FN:10,(anonymous_0)
FNF:1
FNH:1
FNDA:30,(anonymous_0)
DA:10,3
DA:11,30
LF:2
LH:2
BRDA:15,0,0,30
BRDA:15,0,1,27
BRF:2
BRH:2
end_of_record
TN:
SF:src\routes\PrivateRoute.tsx
FN:8,(anonymous_0)
FNF:1
FNH:1
FNDA:2,(anonymous_0)
DA:8,1
DA:9,2
DA:11,2
DA:12,1
DA:15,1
LF:5
LH:5
BRDA:11,0,0,1
BRDA:11,0,1,1
BRF:2
BRH:2
end_of_record
